  [1m[35m (599.4ms)[0m  [1m[35mCREATE DATABASE "temperatures_api_development" ENCODING = 'unicode'[0m
  [1m[35m (457.2ms)[0m  [1m[35mCREATE DATABASE "temperatures_api_test" ENCODING = 'unicode'[0m
  [1m[35m (30.3ms)[0m  [1m[35mCREATE TABLE "schema_migrations" ("version" character varying NOT NULL PRIMARY KEY)[0m
  [1m[35m (9.6ms)[0m  [1m[35mCREATE TABLE "ar_internal_metadata" ("key" character varying NOT NULL PRIMARY KEY, "value" character varying, "created_at" timestamp(6) NOT NULL, "updated_at" timestamp(6) NOT NULL)[0m
  [1m[35m (1.1ms)[0m  [1m[34mSELECT pg_try_advisory_lock(164586408472616235)[0m
  [1m[35m (1.5ms)[0m  [1m[34mSELECT "schema_migrations"."version" FROM "schema_migrations" ORDER BY "schema_migrations"."version" ASC[0m
Migrating to CreateLocations (20190730224252)
  [1m[35m (1.9ms)[0m  [1m[35mBEGIN[0m
  [1m[35m (9.7ms)[0m  [1m[35mCREATE TABLE "locations" ("id" bigserial primary key, "lat" decimal, "lng" decimal, "name" character varying, "created_at" timestamp(6) NOT NULL, "updated_at" timestamp(6) NOT NULL)[0m
  [1m[36mprimary::SchemaMigration Create (1.8ms)[0m  [1m[32mINSERT INTO "schema_migrations" ("version") VALUES ($1) RETURNING "version"[0m  [["version", "20190730224252"]]
  [1m[35m (0.4ms)[0m  [1m[35mCOMMIT[0m
Migrating to CreateTemperatures (20190730224329)
  [1m[35m (0.3ms)[0m  [1m[35mBEGIN[0m
  [1m[35m (8.0ms)[0m  [1m[35mCREATE TABLE "temperatures" ("id" bigserial primary key, "average_high_f" integer, "average_low_f" integer, "month" character varying, "created_at" timestamp(6) NOT NULL, "updated_at" timestamp(6) NOT NULL)[0m
  [1m[36mprimary::SchemaMigration Create (2.0ms)[0m  [1m[32mINSERT INTO "schema_migrations" ("version") VALUES ($1) RETURNING "version"[0m  [["version", "20190730224329"]]
  [1m[35m (1.0ms)[0m  [1m[35mCOMMIT[0m
Migrating to AddForeignKeyToTemperatures (20190730224829)
  [1m[35m (1.3ms)[0m  [1m[35mBEGIN[0m
  [1m[35m (1.1ms)[0m  [1m[35mALTER TABLE "temperatures" ADD "location_id" integer[0m
  [1m[36mprimary::SchemaMigration Create (0.3ms)[0m  [1m[32mINSERT INTO "schema_migrations" ("version") VALUES ($1) RETURNING "version"[0m  [["version", "20190730224829"]]
  [1m[35m (0.3ms)[0m  [1m[35mCOMMIT[0m
  [1m[36mActiveRecord::InternalMetadata Load (1.9ms)[0m  [1m[34mSELECT "ar_internal_metadata".* FROM "ar_internal_metadata" WHERE "ar_internal_metadata"."key" = $1 LIMIT $2[0m  [["key", "environment"], ["LIMIT", 1]]
  [1m[35m (6.6ms)[0m  [1m[35mBEGIN[0m
  [1m[36mActiveRecord::InternalMetadata Create (20.5ms)[0m  [1m[32mINSERT INTO "ar_internal_metadata" ("key", "value", "created_at", "updated_at") VALUES ($1, $2, $3, $4) RETURNING "key"[0m  [["key", "environment"], ["value", "development"], ["created_at", "2019-07-30 22:51:29.497537"], ["updated_at", "2019-07-30 22:51:29.497537"]]
  [1m[35m (7.2ms)[0m  [1m[35mCOMMIT[0m
  [1m[35m (2.1ms)[0m  [1m[34mSELECT pg_advisory_unlock(164586408472616235)[0m
  [1m[35m (7.1ms)[0m  [1m[34mSELECT "schema_migrations"."version" FROM "schema_migrations" ORDER BY "schema_migrations"."version" ASC[0m
  [1m[35m (2.1ms)[0m  [1m[34mSELECT "schema_migrations"."version" FROM "schema_migrations" ORDER BY "schema_migrations"."version" ASC[0m
  [1m[35m (0.2ms)[0m  [1m[35mBEGIN[0m
  [1m[36mLocation Create (4.1ms)[0m  [1m[32mINSERT INTO "locations" ("lat", "lng", "name", "created_at", "updated_at") VALUES ($1, $2, $3, $4, $5) RETURNING "id"[0m  [["lat", "40.7128"], ["lng", "74.0059"], ["name", "New York City"], ["created_at", "2019-07-30 23:10:00.425182"], ["updated_at", "2019-07-30 23:10:00.425182"]]
  [1m[35m (1.1ms)[0m  [1m[35mCOMMIT[0m
  [1m[35m (4.1ms)[0m  [1m[35mBEGIN[0m
  [1m[36mLocation Create (1.1ms)[0m  [1m[32mINSERT INTO "locations" ("lat", "lng", "name", "created_at", "updated_at") VALUES ($1, $2, $3, $4, $5) RETURNING "id"[0m  [["lat", "78.2232"], ["lng", "15.6267"], ["name", "LongYearByen"], ["created_at", "2019-07-30 23:10:00.451770"], ["updated_at", "2019-07-30 23:10:00.451770"]]
  [1m[35m (0.4ms)[0m  [1m[35mCOMMIT[0m
  [1m[35m (0.2ms)[0m  [1m[35mBEGIN[0m
  [1m[36mLocation Load (0.2ms)[0m  [1m[34mSELECT "locations".* FROM "locations" WHERE "locations"."id" = $1 LIMIT $2[0m  [["id", 1], ["LIMIT", 1]]
  [1m[36mTemperature Create (1.0ms)[0m  [1m[32mINSERT INTO "temperatures" ("average_high_f", "average_low_f", "month", "created_at", "updated_at", "location_id") VALUES ($1, $2, $3, $4, $5, $6) RETURNING "id"[0m  [["average_high_f", 39], ["average_low_f", 26], ["month", "January"], ["created_at", "2019-07-30 23:10:00.513554"], ["updated_at", "2019-07-30 23:10:00.513554"], ["location_id", 1]]
  [1m[35m (0.5ms)[0m  [1m[35mCOMMIT[0m
  [1m[35m (0.1ms)[0m  [1m[35mBEGIN[0m
  [1m[36mLocation Load (0.2ms)[0m  [1m[34mSELECT "locations".* FROM "locations" WHERE "locations"."id" = $1 LIMIT $2[0m  [["id", 1], ["LIMIT", 1]]
  [1m[36mTemperature Create (0.4ms)[0m  [1m[32mINSERT INTO "temperatures" ("average_high_f", "average_low_f", "month", "created_at", "updated_at", "location_id") VALUES ($1, $2, $3, $4, $5, $6) RETURNING "id"[0m  [["average_high_f", 42], ["average_low_f", 29], ["month", "February"], ["created_at", "2019-07-30 23:10:00.520825"], ["updated_at", "2019-07-30 23:10:00.520825"], ["location_id", 1]]
  [1m[35m (0.4ms)[0m  [1m[35mCOMMIT[0m
  [1m[35m (0.1ms)[0m  [1m[35mBEGIN[0m
  [1m[36mLocation Load (0.2ms)[0m  [1m[34mSELECT "locations".* FROM "locations" WHERE "locations"."id" = $1 LIMIT $2[0m  [["id", 1], ["LIMIT", 1]]
  [1m[36mTemperature Create (0.3ms)[0m  [1m[32mINSERT INTO "temperatures" ("average_high_f", "average_low_f", "month", "created_at", "updated_at", "location_id") VALUES ($1, $2, $3, $4, $5, $6) RETURNING "id"[0m  [["average_high_f", 50], ["average_low_f", 35], ["month", "March"], ["created_at", "2019-07-30 23:10:00.526945"], ["updated_at", "2019-07-30 23:10:00.526945"], ["location_id", 1]]
  [1m[35m (0.3ms)[0m  [1m[35mCOMMIT[0m
  [1m[35m (0.1ms)[0m  [1m[35mBEGIN[0m
  [1m[36mLocation Load (0.2ms)[0m  [1m[34mSELECT "locations".* FROM "locations" WHERE "locations"."id" = $1 LIMIT $2[0m  [["id", 1], ["LIMIT", 1]]
  [1m[36mTemperature Create (0.3ms)[0m  [1m[32mINSERT INTO "temperatures" ("average_high_f", "average_low_f", "month", "created_at", "updated_at", "location_id") VALUES ($1, $2, $3, $4, $5, $6) RETURNING "id"[0m  [["average_high_f", 61], ["average_low_f", 45], ["month", "April"], ["created_at", "2019-07-30 23:10:00.532306"], ["updated_at", "2019-07-30 23:10:00.532306"], ["location_id", 1]]
  [1m[35m (0.4ms)[0m  [1m[35mCOMMIT[0m
  [1m[35m (0.1ms)[0m  [1m[35mBEGIN[0m
  [1m[36mLocation Load (0.2ms)[0m  [1m[34mSELECT "locations".* FROM "locations" WHERE "locations"."id" = $1 LIMIT $2[0m  [["id", 1], ["LIMIT", 1]]
  [1m[36mTemperature Create (0.5ms)[0m  [1m[32mINSERT INTO "temperatures" ("average_high_f", "average_low_f", "month", "created_at", "updated_at", "location_id") VALUES ($1, $2, $3, $4, $5, $6) RETURNING "id"[0m  [["average_high_f", 71], ["average_low_f", 54], ["month", "May"], ["created_at", "2019-07-30 23:10:00.539544"], ["updated_at", "2019-07-30 23:10:00.539544"], ["location_id", 1]]
  [1m[35m (0.4ms)[0m  [1m[35mCOMMIT[0m
  [1m[35m (0.2ms)[0m  [1m[35mBEGIN[0m
  [1m[36mLocation Load (0.7ms)[0m  [1m[34mSELECT "locations".* FROM "locations" WHERE "locations"."id" = $1 LIMIT $2[0m  [["id", 1], ["LIMIT", 1]]
  [1m[36mTemperature Create (1.0ms)[0m  [1m[32mINSERT INTO "temperatures" ("average_high_f", "average_low_f", "month", "created_at", "updated_at", "location_id") VALUES ($1, $2, $3, $4, $5, $6) RETURNING "id"[0m  [["average_high_f", 79], ["average_low_f", 64], ["month", "June"], ["created_at", "2019-07-30 23:10:00.565095"], ["updated_at", "2019-07-30 23:10:00.565095"], ["location_id", 1]]
  [1m[35m (1.1ms)[0m  [1m[35mCOMMIT[0m
  [1m[35m (0.1ms)[0m  [1m[35mBEGIN[0m
  [1m[36mLocation Load (0.2ms)[0m  [1m[34mSELECT "locations".* FROM "locations" WHERE "locations"."id" = $1 LIMIT $2[0m  [["id", 1], ["LIMIT", 1]]
  [1m[36mTemperature Create (0.2ms)[0m  [1m[32mINSERT INTO "temperatures" ("average_high_f", "average_low_f", "month", "created_at", "updated_at", "location_id") VALUES ($1, $2, $3, $4, $5, $6) RETURNING "id"[0m  [["average_high_f", 84], ["average_low_f", 69], ["month", "July"], ["created_at", "2019-07-30 23:10:00.572911"], ["updated_at", "2019-07-30 23:10:00.572911"], ["location_id", 1]]
  [1m[35m (0.4ms)[0m  [1m[35mCOMMIT[0m
  [1m[35m (0.1ms)[0m  [1m[35mBEGIN[0m
  [1m[36mLocation Load (0.2ms)[0m  [1m[34mSELECT "locations".* FROM "locations" WHERE "locations"."id" = $1 LIMIT $2[0m  [["id", 1], ["LIMIT", 1]]
  [1m[36mTemperature Create (0.2ms)[0m  [1m[32mINSERT INTO "temperatures" ("average_high_f", "average_low_f", "month", "created_at", "updated_at", "location_id") VALUES ($1, $2, $3, $4, $5, $6) RETURNING "id"[0m  [["average_high_f", 83], ["average_low_f", 68], ["month", "August"], ["created_at", "2019-07-30 23:10:00.578102"], ["updated_at", "2019-07-30 23:10:00.578102"], ["location_id", 1]]
  [1m[35m (0.4ms)[0m  [1m[35mCOMMIT[0m
  [1m[35m (0.4ms)[0m  [1m[35mBEGIN[0m
  [1m[36mLocation Load (0.2ms)[0m  [1m[34mSELECT "locations".* FROM "locations" WHERE "locations"."id" = $1 LIMIT $2[0m  [["id", 1], ["LIMIT", 1]]
  [1m[36mTemperature Create (0.3ms)[0m  [1m[32mINSERT INTO "temperatures" ("average_high_f", "average_low_f", "month", "created_at", "updated_at", "location_id") VALUES ($1, $2, $3, $4, $5, $6) RETURNING "id"[0m  [["average_high_f", 75], ["average_low_f", 61], ["month", "September"], ["created_at", "2019-07-30 23:10:00.585156"], ["updated_at", "2019-07-30 23:10:00.585156"], ["location_id", 1]]
  [1m[35m (0.3ms)[0m  [1m[35mCOMMIT[0m
  [1m[35m (0.2ms)[0m  [1m[35mBEGIN[0m
  [1m[36mLocation Load (0.4ms)[0m  [1m[34mSELECT "locations".* FROM "locations" WHERE "locations"."id" = $1 LIMIT $2[0m  [["id", 1], ["LIMIT", 1]]
  [1m[36mTemperature Create (0.7ms)[0m  [1m[32mINSERT INTO "temperatures" ("average_high_f", "average_low_f", "month", "created_at", "updated_at", "location_id") VALUES ($1, $2, $3, $4, $5, $6) RETURNING "id"[0m  [["average_high_f", 64], ["average_low_f", 50], ["month", "October"], ["created_at", "2019-07-30 23:10:00.592842"], ["updated_at", "2019-07-30 23:10:00.592842"], ["location_id", 1]]
  [1m[35m (0.3ms)[0m  [1m[35mCOMMIT[0m
  [1m[35m (0.1ms)[0m  [1m[35mBEGIN[0m
  [1m[36mLocation Load (0.1ms)[0m  [1m[34mSELECT "locations".* FROM "locations" WHERE "locations"."id" = $1 LIMIT $2[0m  [["id", 1], ["LIMIT", 1]]
  [1m[36mTemperature Create (0.3ms)[0m  [1m[32mINSERT INTO "temperatures" ("average_high_f", "average_low_f", "month", "created_at", "updated_at", "location_id") VALUES ($1, $2, $3, $4, $5, $6) RETURNING "id"[0m  [["average_high_f", 54], ["average_low_f", 42], ["month", "November"], ["created_at", "2019-07-30 23:10:00.601061"], ["updated_at", "2019-07-30 23:10:00.601061"], ["location_id", 1]]
  [1m[35m (0.4ms)[0m  [1m[35mCOMMIT[0m
  [1m[35m (0.1ms)[0m  [1m[35mBEGIN[0m
  [1m[36mLocation Load (0.2ms)[0m  [1m[34mSELECT "locations".* FROM "locations" WHERE "locations"."id" = $1 LIMIT $2[0m  [["id", 1], ["LIMIT", 1]]
  [1m[36mTemperature Create (0.3ms)[0m  [1m[32mINSERT INTO "temperatures" ("average_high_f", "average_low_f", "month", "created_at", "updated_at", "location_id") VALUES ($1, $2, $3, $4, $5, $6) RETURNING "id"[0m  [["average_high_f", 43], ["average_low_f", 48], ["month", "December"], ["created_at", "2019-07-30 23:10:00.607371"], ["updated_at", "2019-07-30 23:10:00.607371"], ["location_id", 1]]
  [1m[35m (0.4ms)[0m  [1m[35mCOMMIT[0m
  [1m[35m (0.1ms)[0m  [1m[35mBEGIN[0m
  [1m[36mLocation Load (0.1ms)[0m  [1m[34mSELECT "locations".* FROM "locations" WHERE "locations"."id" = $1 LIMIT $2[0m  [["id", 2], ["LIMIT", 1]]
  [1m[36mTemperature Create (0.3ms)[0m  [1m[32mINSERT INTO "temperatures" ("average_high_f", "average_low_f", "month", "created_at", "updated_at", "location_id") VALUES ($1, $2, $3, $4, $5, $6) RETURNING "id"[0m  [["average_high_f", -6], ["average_low_f", -12], ["month", "January"], ["created_at", "2019-07-30 23:10:00.612742"], ["updated_at", "2019-07-30 23:10:00.612742"], ["location_id", 2]]
  [1m[35m (0.3ms)[0m  [1m[35mCOMMIT[0m
  [1m[36mLocation Load (0.4ms)[0m  [1m[34mSELECT "locations".* FROM "locations" WHERE "locations"."id" = $1 LIMIT $2[0m  [["id", 1], ["LIMIT", 1]]
  [1m[36mLocation Load (0.5ms)[0m  [1m[34mSELECT "locations".* FROM "locations" WHERE "locations"."id" = $1 LIMIT $2[0m  [["id", 1], ["LIMIT", 1]]
  [1m[36mTemperature Load (2.1ms)[0m  [1m[34mSELECT "temperatures".* FROM "temperatures" WHERE "temperatures"."location_id" = $1 LIMIT $2[0m  [["location_id", 1], ["LIMIT", 11]]
  [1m[36mTemperature Load (0.3ms)[0m  [1m[34mSELECT "temperatures".* FROM "temperatures" WHERE "temperatures"."id" = $1 LIMIT $2[0m  [["id", 1], ["LIMIT", 1]]
  [1m[36mLocation Load (0.3ms)[0m  [1m[34mSELECT "locations".* FROM "locations" WHERE "locations"."id" = $1 LIMIT $2[0m  [["id", 1], ["LIMIT", 1]]
  [1m[36mTemperature Load (0.3ms)[0m  [1m[34mSELECT "temperatures".* FROM "temperatures" WHERE "temperatures"."id" = $1 LIMIT $2[0m  [["id", 1], ["LIMIT", 1]]
  [1m[36mTemperature Load (0.8ms)[0m  [1m[34mSELECT "temperatures".* FROM "temperatures" WHERE "temperatures"."id" = $1 LIMIT $2[0m  [["id", 1], ["LIMIT", 1]]
  [1m[36mLocation Load (1.5ms)[0m  [1m[34mSELECT "locations".* FROM "locations" WHERE "locations"."id" = $1 LIMIT $2[0m  [["id", 1], ["LIMIT", 1]]
Started GET "/locations" for ::1 at 2019-07-30 17:29:38 -0600
  [1m[35m (1.2ms)[0m  [1m[34mSELECT "schema_migrations"."version" FROM "schema_migrations" ORDER BY "schema_migrations"."version" ASC[0m
Processing by LocationsController#index as HTML
  [1m[36mLocation Load (1.2ms)[0m  [1m[34mSELECT "locations".* FROM "locations"[0m
  ↳ app/controllers/locations_controller.rb:8:in `index'
Completed 200 OK in 408ms (Views: 227.1ms | ActiveRecord: 59.5ms | Allocations: 7312)


Started GET "/favicon.ico" for ::1 at 2019-07-30 17:29:43 -0600
  
ActionController::RoutingError (No route matches [GET] "/favicon.ico"):
  
actionpack (6.0.0.rc2) lib/action_dispatch/middleware/debug_exceptions.rb:36:in `call'
actionpack (6.0.0.rc2) lib/action_dispatch/middleware/show_exceptions.rb:33:in `call'
railties (6.0.0.rc2) lib/rails/rack/logger.rb:38:in `call_app'
railties (6.0.0.rc2) lib/rails/rack/logger.rb:26:in `block in call'
activesupport (6.0.0.rc2) lib/active_support/tagged_logging.rb:80:in `block in tagged'
activesupport (6.0.0.rc2) lib/active_support/tagged_logging.rb:28:in `tagged'
activesupport (6.0.0.rc2) lib/active_support/tagged_logging.rb:80:in `tagged'
railties (6.0.0.rc2) lib/rails/rack/logger.rb:26:in `call'
actionpack (6.0.0.rc2) lib/action_dispatch/middleware/remote_ip.rb:81:in `call'
actionpack (6.0.0.rc2) lib/action_dispatch/middleware/request_id.rb:27:in `call'
rack (2.0.7) lib/rack/runtime.rb:22:in `call'
activesupport (6.0.0.rc2) lib/active_support/cache/strategy/local_cache_middleware.rb:29:in `call'
actionpack (6.0.0.rc2) lib/action_dispatch/middleware/executor.rb:14:in `call'
actionpack (6.0.0.rc2) lib/action_dispatch/middleware/static.rb:126:in `call'
rack (2.0.7) lib/rack/sendfile.rb:111:in `call'
actionpack (6.0.0.rc2) lib/action_dispatch/middleware/host_authorization.rb:83:in `call'
railties (6.0.0.rc2) lib/rails/engine.rb:526:in `call'
puma (3.12.1) lib/puma/configuration.rb:227:in `call'
puma (3.12.1) lib/puma/server.rb:660:in `handle_request'
puma (3.12.1) lib/puma/server.rb:474:in `process_client'
puma (3.12.1) lib/puma/server.rb:334:in `block in run'
puma (3.12.1) lib/puma/thread_pool.rb:135:in `block in spawn_thread'
Started GET "/locations/1" for ::1 at 2019-07-30 17:30:25 -0600
Processing by LocationsController#show as HTML
  Parameters: {"id"=>"1"}
  [1m[36mLocation Load (4.4ms)[0m  [1m[34mSELECT "locations".* FROM "locations" WHERE "locations"."id" = $1 LIMIT $2[0m  [["id", 1], ["LIMIT", 1]]
  ↳ app/controllers/locations_controller.rb:19:in `set_location'
Completed 200 OK in 59ms (Views: 3.2ms | ActiveRecord: 8.6ms | Allocations: 4071)


Started GET "/locations/1" for ::1 at 2019-07-30 17:35:26 -0600
Processing by LocationsController#show as HTML
  Parameters: {"id"=>"1"}
  [1m[36mLocation Load (0.4ms)[0m  [1m[34mSELECT "locations".* FROM "locations" WHERE "locations"."id" = $1 LIMIT $2[0m  [["id", 1], ["LIMIT", 1]]
  ↳ app/controllers/locations_controller.rb:19:in `set_location'
  [1m[36mTemperature Load (0.6ms)[0m  [1m[34mSELECT "temperatures".* FROM "temperatures" WHERE "temperatures"."location_id" = $1[0m  [["location_id", 1]]
  ↳ app/controllers/locations_controller.rb:13:in `show'
Completed 200 OK in 133ms (Views: 0.6ms | ActiveRecord: 21.5ms | Allocations: 19233)


Started GET "/favicon.ico" for ::1 at 2019-07-30 17:35:27 -0600
  
ActionController::RoutingError (No route matches [GET] "/favicon.ico"):
  
actionpack (6.0.0.rc2) lib/action_dispatch/middleware/debug_exceptions.rb:36:in `call'
actionpack (6.0.0.rc2) lib/action_dispatch/middleware/show_exceptions.rb:33:in `call'
railties (6.0.0.rc2) lib/rails/rack/logger.rb:38:in `call_app'
railties (6.0.0.rc2) lib/rails/rack/logger.rb:26:in `block in call'
activesupport (6.0.0.rc2) lib/active_support/tagged_logging.rb:80:in `block in tagged'
activesupport (6.0.0.rc2) lib/active_support/tagged_logging.rb:28:in `tagged'
activesupport (6.0.0.rc2) lib/active_support/tagged_logging.rb:80:in `tagged'
railties (6.0.0.rc2) lib/rails/rack/logger.rb:26:in `call'
actionpack (6.0.0.rc2) lib/action_dispatch/middleware/remote_ip.rb:81:in `call'
actionpack (6.0.0.rc2) lib/action_dispatch/middleware/request_id.rb:27:in `call'
rack (2.0.7) lib/rack/runtime.rb:22:in `call'
activesupport (6.0.0.rc2) lib/active_support/cache/strategy/local_cache_middleware.rb:29:in `call'
actionpack (6.0.0.rc2) lib/action_dispatch/middleware/executor.rb:14:in `call'
actionpack (6.0.0.rc2) lib/action_dispatch/middleware/static.rb:126:in `call'
rack (2.0.7) lib/rack/sendfile.rb:111:in `call'
actionpack (6.0.0.rc2) lib/action_dispatch/middleware/host_authorization.rb:83:in `call'
railties (6.0.0.rc2) lib/rails/engine.rb:526:in `call'
puma (3.12.1) lib/puma/configuration.rb:227:in `call'
puma (3.12.1) lib/puma/server.rb:660:in `handle_request'
puma (3.12.1) lib/puma/server.rb:474:in `process_client'
puma (3.12.1) lib/puma/server.rb:334:in `block in run'
puma (3.12.1) lib/puma/thread_pool.rb:135:in `block in spawn_thread'
Started GET "/locations/1" for ::1 at 2019-07-30 17:36:29 -0600
Processing by LocationsController#show as HTML
  Parameters: {"id"=>"1"}
  [1m[36mLocation Load (0.2ms)[0m  [1m[34mSELECT "locations".* FROM "locations" WHERE "locations"."id" = $1 LIMIT $2[0m  [["id", 1], ["LIMIT", 1]]
  ↳ app/controllers/locations_controller.rb:19:in `set_location'
  [1m[36mTemperature Load (0.2ms)[0m  [1m[34mSELECT "temperatures".* FROM "temperatures" WHERE "temperatures"."location_id" = $1[0m  [["location_id", 1]]
  ↳ app/controllers/locations_controller.rb:13:in `show'
Completed 200 OK in 91ms (Views: 0.1ms | ActiveRecord: 7.7ms | Allocations: 13867)


Started GET "/favicon.ico" for ::1 at 2019-07-30 17:36:31 -0600
  
ActionController::RoutingError (No route matches [GET] "/favicon.ico"):
  
actionpack (6.0.0.rc2) lib/action_dispatch/middleware/debug_exceptions.rb:36:in `call'
actionpack (6.0.0.rc2) lib/action_dispatch/middleware/show_exceptions.rb:33:in `call'
railties (6.0.0.rc2) lib/rails/rack/logger.rb:38:in `call_app'
railties (6.0.0.rc2) lib/rails/rack/logger.rb:26:in `block in call'
activesupport (6.0.0.rc2) lib/active_support/tagged_logging.rb:80:in `block in tagged'
activesupport (6.0.0.rc2) lib/active_support/tagged_logging.rb:28:in `tagged'
activesupport (6.0.0.rc2) lib/active_support/tagged_logging.rb:80:in `tagged'
railties (6.0.0.rc2) lib/rails/rack/logger.rb:26:in `call'
actionpack (6.0.0.rc2) lib/action_dispatch/middleware/remote_ip.rb:81:in `call'
actionpack (6.0.0.rc2) lib/action_dispatch/middleware/request_id.rb:27:in `call'
rack (2.0.7) lib/rack/runtime.rb:22:in `call'
activesupport (6.0.0.rc2) lib/active_support/cache/strategy/local_cache_middleware.rb:29:in `call'
actionpack (6.0.0.rc2) lib/action_dispatch/middleware/executor.rb:14:in `call'
actionpack (6.0.0.rc2) lib/action_dispatch/middleware/static.rb:126:in `call'
rack (2.0.7) lib/rack/sendfile.rb:111:in `call'
actionpack (6.0.0.rc2) lib/action_dispatch/middleware/host_authorization.rb:83:in `call'
railties (6.0.0.rc2) lib/rails/engine.rb:526:in `call'
puma (3.12.1) lib/puma/configuration.rb:227:in `call'
puma (3.12.1) lib/puma/server.rb:660:in `handle_request'
puma (3.12.1) lib/puma/server.rb:474:in `process_client'
puma (3.12.1) lib/puma/server.rb:334:in `block in run'
puma (3.12.1) lib/puma/thread_pool.rb:135:in `block in spawn_thread'
Started GET "/locations/1" for ::1 at 2019-07-30 17:36:40 -0600
Processing by LocationsController#show as HTML
  Parameters: {"id"=>"1"}
  [1m[36mLocation Load (3.6ms)[0m  [1m[34mSELECT "locations".* FROM "locations" WHERE "locations"."id" = $1 LIMIT $2[0m  [["id", 1], ["LIMIT", 1]]
  ↳ app/controllers/locations_controller.rb:19:in `set_location'
  [1m[36mTemperature Load (0.8ms)[0m  [1m[34mSELECT "temperatures".* FROM "temperatures" WHERE "temperatures"."location_id" = $1[0m  [["location_id", 1]]
  ↳ app/controllers/locations_controller.rb:13:in `show'
Completed 200 OK in 15ms (Views: 0.1ms | ActiveRecord: 4.3ms | Allocations: 3233)


Started GET "/favicon.ico" for ::1 at 2019-07-30 17:36:42 -0600
  
ActionController::RoutingError (No route matches [GET] "/favicon.ico"):
  
actionpack (6.0.0.rc2) lib/action_dispatch/middleware/debug_exceptions.rb:36:in `call'
actionpack (6.0.0.rc2) lib/action_dispatch/middleware/show_exceptions.rb:33:in `call'
railties (6.0.0.rc2) lib/rails/rack/logger.rb:38:in `call_app'
railties (6.0.0.rc2) lib/rails/rack/logger.rb:26:in `block in call'
activesupport (6.0.0.rc2) lib/active_support/tagged_logging.rb:80:in `block in tagged'
activesupport (6.0.0.rc2) lib/active_support/tagged_logging.rb:28:in `tagged'
activesupport (6.0.0.rc2) lib/active_support/tagged_logging.rb:80:in `tagged'
railties (6.0.0.rc2) lib/rails/rack/logger.rb:26:in `call'
actionpack (6.0.0.rc2) lib/action_dispatch/middleware/remote_ip.rb:81:in `call'
actionpack (6.0.0.rc2) lib/action_dispatch/middleware/request_id.rb:27:in `call'
rack (2.0.7) lib/rack/runtime.rb:22:in `call'
activesupport (6.0.0.rc2) lib/active_support/cache/strategy/local_cache_middleware.rb:29:in `call'
actionpack (6.0.0.rc2) lib/action_dispatch/middleware/executor.rb:14:in `call'
actionpack (6.0.0.rc2) lib/action_dispatch/middleware/static.rb:126:in `call'
rack (2.0.7) lib/rack/sendfile.rb:111:in `call'
actionpack (6.0.0.rc2) lib/action_dispatch/middleware/host_authorization.rb:83:in `call'
railties (6.0.0.rc2) lib/rails/engine.rb:526:in `call'
puma (3.12.1) lib/puma/configuration.rb:227:in `call'
puma (3.12.1) lib/puma/server.rb:660:in `handle_request'
puma (3.12.1) lib/puma/server.rb:474:in `process_client'
puma (3.12.1) lib/puma/server.rb:334:in `block in run'
puma (3.12.1) lib/puma/thread_pool.rb:135:in `block in spawn_thread'
Started POST "/locations/1/temperatures" for ::1 at 2019-07-30 17:51:37 -0600
Processing by TemperaturesController#create as */*
  Parameters: {"temperature"=>{"average_high_f"=>"46", "average_low_f"=>"39", "month"=>"January"}, "location_id"=>"1"}
  [1m[35m (0.3ms)[0m  [1m[35mBEGIN[0m
  ↳ app/controllers/temperatures_controller.rb:15:in `create'
  [1m[36mLocation Load (0.4ms)[0m  [1m[34mSELECT "locations".* FROM "locations" WHERE "locations"."id" = $1 LIMIT $2[0m  [["id", 1], ["LIMIT", 1]]
  ↳ app/controllers/temperatures_controller.rb:15:in `create'
  [1m[36mTemperature Create (3.6ms)[0m  [1m[32mINSERT INTO "temperatures" ("average_high_f", "average_low_f", "month", "created_at", "updated_at", "location_id") VALUES ($1, $2, $3, $4, $5, $6) RETURNING "id"[0m  [["average_high_f", 46], ["average_low_f", 39], ["month", "January"], ["created_at", "2019-07-30 23:51:37.634069"], ["updated_at", "2019-07-30 23:51:37.634069"], ["location_id", 1]]
  ↳ app/controllers/temperatures_controller.rb:15:in `create'
  [1m[35m (1.6ms)[0m  [1m[35mCOMMIT[0m
  ↳ app/controllers/temperatures_controller.rb:15:in `create'
Completed 201 Created in 46ms (Views: 0.4ms | ActiveRecord: 6.2ms | Allocations: 13882)


Started POST "/locations/1/temperatures" for ::1 at 2019-07-30 17:52:17 -0600
Processing by TemperaturesController#create as */*
  Parameters: {"temperature"=>{"average_high"=>"46", "average_low_f"=>"39", "month"=>"January"}, "location_id"=>"1"}
[31mUnpermitted parameter: :average_high[0m
  [1m[35m (1.3ms)[0m  [1m[35mBEGIN[0m
  ↳ app/controllers/temperatures_controller.rb:15:in `create'
  [1m[36mLocation Load (2.6ms)[0m  [1m[34mSELECT "locations".* FROM "locations" WHERE "locations"."id" = $1 LIMIT $2[0m  [["id", 1], ["LIMIT", 1]]
  ↳ app/controllers/temperatures_controller.rb:15:in `create'
  [1m[36mTemperature Create (0.5ms)[0m  [1m[32mINSERT INTO "temperatures" ("average_low_f", "month", "created_at", "updated_at", "location_id") VALUES ($1, $2, $3, $4, $5) RETURNING "id"[0m  [["average_low_f", 39], ["month", "January"], ["created_at", "2019-07-30 23:52:17.778596"], ["updated_at", "2019-07-30 23:52:17.778596"], ["location_id", 1]]
  ↳ app/controllers/temperatures_controller.rb:15:in `create'
  [1m[35m (0.5ms)[0m  [1m[35mCOMMIT[0m
  ↳ app/controllers/temperatures_controller.rb:15:in `create'
Completed 201 Created in 19ms (Views: 2.2ms | ActiveRecord: 4.8ms | Allocations: 3571)


Started POST "/locations/1/temperatures" for ::1 at 2019-07-30 17:52:28 -0600
Processing by TemperaturesController#create as */*
  Parameters: {"location_id"=>"1"}
Completed 400 Bad Request in 0ms (ActiveRecord: 0.0ms | Allocations: 125)


  
ActionController::ParameterMissing (param is missing or the value is empty: temperature):
  
app/controllers/temperatures_controller.rb:25:in `temperature_params'
app/controllers/temperatures_controller.rb:12:in `create'
Started GET "/locations/1" for ::1 at 2019-07-30 19:18:06 -0600
Processing by LocationsController#show as HTML
  Parameters: {"id"=>"1"}
  [1m[36mLocation Load (0.4ms)[0m  [1m[34mSELECT "locations".* FROM "locations" WHERE "locations"."id" = $1 LIMIT $2[0m  [["id", 1], ["LIMIT", 1]]
  ↳ app/controllers/locations_controller.rb:19:in `set_location'
  [1m[36mTemperature Load (1.8ms)[0m  [1m[34mSELECT "temperatures".* FROM "temperatures" WHERE "temperatures"."location_id" = $1[0m  [["location_id", 1]]
  ↳ app/controllers/locations_controller.rb:13:in `show'
Completed 200 OK in 33ms (Views: 0.4ms | ActiveRecord: 3.7ms | Allocations: 4067)


